<?xml version="1.0" encoding="UTF-8"?>
<!-- Generated by org.testng.reporters.JUnitReportReporter -->
<testsuite hostname="rajshekar-PC" failures="0" tests="2" name="qaclickacademy.com.appiumTest" time="0.036" errors="0" timestamp="16 Mar 2020 17:18:37 GMT" skipped="0">
  <testcase classname="qaclickacademy.com.appiumTest" name="nativeAppAndroid" time="0.007"/>
  <testcase classname="qaclickacademy.com.appiumTest" name="iosApps" time="0.029"/>
</testsuite> <!-- qaclickacademy.com.appiumTest -->
