<?xml version="1.0" encoding="UTF-8"?>
<!-- Generated by org.testng.reporters.JUnitReportReporter -->
<testsuite hostname="rajshekar-PC" failures="0" tests="2" name="qaclickacademy.com.seleniumTest" time="0.002" errors="0" timestamp="17 Mar 2020 17:32:11 GMT" skipped="0">
  <testcase classname="qaclickacademy.com.seleniumTest" name="browserAutomation" time="0.001"/>
  <testcase classname="qaclickacademy.com.seleniumTest" name="elementsUi" time="0.001"/>
</testsuite> <!-- qaclickacademy.com.seleniumTest -->
