<?xml version="1.0" encoding="UTF-8"?>
<!-- Generated by org.testng.reporters.JUnitReportReporter -->
<testsuite hostname="rajshekar-PC" failures="0" tests="2" name="qaclickacademy.com.restApiTest" time="0.001" errors="0" timestamp="17 Mar 2020 17:32:11 GMT" skipped="0">
  <testcase classname="qaclickacademy.com.restApiTest" name="postJira" time="0.000"/>
  <testcase classname="qaclickacademy.com.restApiTest" name="deleteTwitter" time="0.001"/>
</testsuite> <!-- qaclickacademy.com.restApiTest -->
