<?xml version="1.0" encoding="UTF-8"?>
<!-- Generated by org.testng.reporters.JUnitReportReporter -->
<testsuite hostname="rajshekar-PC" failures="0" tests="2" name="qaclickacademy.com.appiumTest" time="0.016" errors="0" timestamp="17 Mar 2020 17:32:11 GMT" skipped="0">
  <testcase classname="qaclickacademy.com.appiumTest" name="iosApps" time="0.016"/>
  <testcase classname="qaclickacademy.com.appiumTest" name="nativeAppAndroid" time="0.000"/>
</testsuite> <!-- qaclickacademy.com.appiumTest -->
